<?xml version="1.0" encoding="UTF-8"?>
<!-- Generated by org.testng.reporters.JUnitReportReporter -->
<testsuite hostname="ARUL" failures="0" tests="2" name="com.employee.automation.tests.LoginTest" time="2.154" errors="0" timestamp="2026-07-18T11:08:09 IST" skipped="0">
  <testcase classname="com.employee.automation.tests.LoginTest" name="adminLogin" time="1.124"/>
  <testcase classname="com.employee.automation.tests.LoginTest" name="employeeLogin" time="1.030"/>
</testsuite> <!-- com.employee.automation.tests.LoginTest -->
