-------------------------------------------------------------------------------
Test set: com.cucumber.runner.TestRunner
-------------------------------------------------------------------------------
Tests run: 6, Failures: 1, Errors: 0, Skipped: 0, Time elapsed: 167.5 s <<< FAILURE! -- in com.cucumber.runner.TestRunner
Employee Management System Verification.Employee Portal Actions -- Time elapsed: 29.21 s <<< FAILURE!
java.lang.AssertionError
	at org.junit.Assert.fail(Assert.java:87)
	at org.junit.Assert.assertTrue(Assert.java:42)
	at org.junit.Assert.assertTrue(Assert.java:53)
	at com.cucumber.testdefinitions.EmployeeManagementSteps.task_progress_should_contain(EmployeeManagementSteps.java:363)
	at ✽.Task 0 progress should contain "95%"(file:///C:/Users/ARUL%20SELVAM/OneDrive/Documents/frontend/day20_FE_AT/CucumberDemo/src/test/resources/features/EmployeeManagement.feature:70)

