<?xml version="1.0" encoding="UTF-8"?>
<testsuite xmlns:xsi="http://www.w3.org/2001/XMLSchema-instance" xsi:noNamespaceSchemaLocation="https://maven.apache.org/surefire/maven-surefire-plugin/xsd/surefire-test-report.xsd" version="3.0.2" name="com.cucumber.runner.TestRunner" time="129.567" tests="6" errors="3" skipped="0" failures="0">
  <properties>
[...]
</properties>
  <testcase name="Admin Dashboard Verification" classname="Employee Management System Verification" time="24.275">
    <system-out><![CDATA[
&amp#27;[1mScenario:&amp#27;[22m Admin Dashboard Verification                                                                             &amp#27;[90m# src/test/resources/features/EmployeeManagement.feature:3&amp#27;[39m
  &amp#27;[32m✔&amp#27;[39m &amp#27;[32m&amp#27;[1mGiven &amp#27;[22mUser is on the login page&amp#27;[39m                                                                                &amp#27;[90m# com.cucumber.testdefinitions.EmployeeManagementSteps.user_is_on_the_login_page()&amp#27;[39m
  &amp#27;[32m✔&amp#27;[39m &amp#27;[32m&amp#27;[1mWhen &amp#27;[22mUser logs in as Admin&amp#27;[39m                                                                                     &amp#27;[90m# com.cucumber.testdefinitions.EmployeeManagementSteps.user_logs_in_as_admin()&amp#27;[39m
  &amp#27;[32m✔&amp#27;[39m &amp#27;[32m&amp#27;[1mThen &amp#27;[22mDashboard metrics for total employees, open positions, leave requests, and late inflows should be visible&amp#27;[39m &amp#27;[90m# com.cucumber.testdefinitions.EmployeeManagementSteps.dashboard_metrics_should_be_visible()&amp#27;[39m
  &amp#27;[32m✔&amp#27;[39m &amp#27;[32m&amp#27;[1mWhen &amp#27;[22mUser selects timeframe &amp#27;[1m"Today"&amp#27;[22m&amp#27;[39m                                                                            &amp#27;[90m# com.cucumber.testdefinitions.EmployeeManagementSteps.user_selects_timeframe(java.lang.String)&amp#27;[39m
  &amp#27;[32m✔&amp#27;[39m &amp#27;[32m&amp#27;[1mAnd &amp#27;[22mUser selects timeframe &amp#27;[1m"Last Week"&amp#27;[22m&amp#27;[39m                                                                         &amp#27;[90m# com.cucumber.testdefinitions.EmployeeManagementSteps.user_selects_timeframe(java.lang.String)&amp#27;[39m
  &amp#27;[32m✔&amp#27;[39m &amp#27;[32m&amp#27;[1mAnd &amp#27;[22mUser selects timeframe &amp#27;[1m"Last 30 Days"&amp#27;[22m&amp#27;[39m                                                                      &amp#27;[90m# com.cucumber.testdefinitions.EmployeeManagementSteps.user_selects_timeframe(java.lang.String)&amp#27;[39m
  &amp#27;[32m✔&amp#27;[39m &amp#27;[32m&amp#27;[1mAnd &amp#27;[22mUser navigates to Employees Roster page&amp#27;[39m                                                                    &amp#27;[90m# com.cucumber.testdefinitions.EmployeeManagementSteps.user_navigates_to_employees_roster_page()&amp#27;[39m
  &amp#27;[32m✔&amp#27;[39m &amp#27;[32m&amp#27;[1mThen &amp#27;[22mCurrent URL should contain &amp#27;[1m"/employees"&amp#27;[22m&amp#27;[39m                                                                   &amp#27;[90m# com.cucumber.testdefinitions.EmployeeManagementSteps.current_url_should_contain(java.lang.String)&amp#27;[39m
  &amp#27;[32m✔&amp#27;[39m &amp#27;[32m&amp#27;[1mWhen &amp#27;[22mUser navigates back to Dashboard page&amp#27;[39m                                                                     &amp#27;[90m# com.cucumber.testdefinitions.EmployeeManagementSteps.user_navigates_back_to_dashboard_page()&amp#27;[39m
  &amp#27;[32m✔&amp#27;[39m &amp#27;[32m&amp#27;[1mThen &amp#27;[22mCurrent URL should contain &amp#27;[1m"/dashboard"&amp#27;[22m&amp#27;[39m                                                                   &amp#27;[90m# com.cucumber.testdefinitions.EmployeeManagementSteps.current_url_should_contain(java.lang.String)&amp#27;[39m
  &amp#27;[32m✔&amp#27;[39m &amp#27;[32m&amp#27;[1mAnd &amp#27;[22mUser signs out&amp#27;[39m                                                                                             &amp#27;[90m# com.cucumber.testdefinitions.EmployeeManagementSteps.user_signs_out()&amp#27;[39m
]]></system-out>
    <system-err><![CDATA[SLF4J(W): No SLF4J providers were found.
SLF4J(W): Defaulting to no-operation (NOP) logger implementation
SLF4J(W): See https://www.slf4j.org/codes.html#noProviders for further details.
Jul 17, 2026 10:25:51 PM org.openqa.selenium.devtools.CdpVersionFinder findNearestMatch
WARNING: Unable to find an exact match for CDP version 150, returning the closest version; found: 149; Please update to a Selenium version that supports CDP version 150
]]></system-err>
  </testcase>
  <testcase name="Employee Lifecycle (Roster CRUD)" classname="Employee Management System Verification" time="33.42">
    <error message="invalid session id: session deleted as the browser has closed the connection&#10;from disconnected: not connected to DevTools&#10;  (Session info: chrome=150.0.7871.125)&#10;Build info: version: &apos;4.45.0&apos;, revision: &apos;cd6a3cd cd6a3cdfca6970f62e5bc8344109d0fe0e2af05e&apos;&#10;System info: os.name: &apos;Windows 11&apos;, os.arch: &apos;amd64&apos;, os.version: &apos;10.0&apos;, java.version: &apos;25.0.3&apos;&#10;Driver info: org.openqa.selenium.chrome.ChromeDriver&#10;Command: [ffa61595d5b20ce9e25d5c64b6188706, findElement {value=status, using=id}]&#10;Capabilities {acceptInsecureCerts: false, browserName: chrome, browserVersion: 150.0.7871.125, chrome: {chromedriverVersion: 150.0.7871.124 (9261fd0a595..., userDataDir: C:\Users\ARULSE~1\AppData\L...}, fedcm:accounts: true, goog:chromeOptions: {debuggerAddress: localhost:58389}, goog:processID: 29360, networkConnectionEnabled: false, pageLoadStrategy: normal, platformName: windows, proxy: Proxy(), se:cdp: ws://localhost:58389/devtoo..., se:cdpVersion: 150.0.7871.125, setWindowRect: true, strictFileInteractability: false, timeouts: {implicit: 0, pageLoad: 300000, script: 30000}, unhandledPromptBehavior: dismiss and notify, webauthn:extension:credBlob: true, webauthn:extension:largeBlob: true, webauthn:extension:minPinLength: true, webauthn:extension:prf: true, webauthn:virtualAuthenticators: true}&#10;Session ID: ffa61595d5b20ce9e25d5c64b6188706" type="org.openqa.selenium.NoSuchSessionException"><![CDATA[org.openqa.selenium.NoSuchSessionException: 
invalid session id: session deleted as the browser has closed the connection
from disconnected: not connected to DevTools
  (Session info: chrome=150.0.7871.125)
Build info: version: '4.45.0', revision: 'cd6a3cd cd6a3cdfca6970f62e5bc8344109d0fe0e2af05e'
System info: os.name: 'Windows 11', os.arch: 'amd64', os.version: '10.0', java.version: '25.0.3'
Driver info: org.openqa.selenium.chrome.ChromeDriver
Command: [ffa61595d5b20ce9e25d5c64b6188706, findElement {value=status, using=id}]
Capabilities {acceptInsecureCerts: false, browserName: chrome, browserVersion: 150.0.7871.125, chrome: {chromedriverVersion: 150.0.7871.124 (9261fd0a595..., userDataDir: C:\Users\ARULSE~1\AppData\L...}, fedcm:accounts: true, goog:chromeOptions: {debuggerAddress: localhost:58389}, goog:processID: 29360, networkConnectionEnabled: false, pageLoadStrategy: normal, platformName: windows, proxy: Proxy(), se:cdp: ws://localhost:58389/devtoo..., se:cdpVersion: 150.0.7871.125, setWindowRect: true, strictFileInteractability: false, timeouts: {implicit: 0, pageLoad: 300000, script: 30000}, unhandledPromptBehavior: dismiss and notify, webauthn:extension:credBlob: true, webauthn:extension:largeBlob: true, webauthn:extension:minPinLength: true, webauthn:extension:prf: true, webauthn:virtualAuthenticators: true}
Session ID: ffa61595d5b20ce9e25d5c64b6188706
	at org.openqa.selenium.remote.ErrorCodec.decode(ErrorCodec.java:169)
	at org.openqa.selenium.remote.codec.w3c.W3CHttpResponseCodec.decode(W3CHttpResponseCodec.java:143)
	at org.openqa.selenium.remote.codec.w3c.W3CHttpResponseCodec.decode(W3CHttpResponseCodec.java:50)
	at org.openqa.selenium.remote.HttpCommandExecutor.execute(HttpCommandExecutor.java:196)
	at org.openqa.selenium.remote.service.DriverCommandExecutor.invokeExecute(DriverCommandExecutor.java:217)
	at org.openqa.selenium.remote.service.DriverCommandExecutor.execute(DriverCommandExecutor.java:175)
	at org.openqa.selenium.remote.RemoteWebDriver.execute(RemoteWebDriver.java:575)
	at org.openqa.selenium.remote.ElementLocation$ElementFinder$2.findElement(ElementLocation.java:173)
	at org.openqa.selenium.remote.ElementLocation.findElement(ElementLocation.java:60)
	at org.openqa.selenium.remote.RemoteWebDriver.findElement(RemoteWebDriver.java:396)
	at org.openqa.selenium.remote.RemoteWebDriver.findElement(RemoteWebDriver.java:390)
	at com.employee.automation.pages.EmployeeFormPage.selectStatus(EmployeeFormPage.java:106)
	at com.cucumber.testdefinitions.EmployeeManagementSteps.user_edits_employee_details(EmployeeManagementSteps.java:172)
	at ✽.User edits employee details to status "On Leave" and salary "130000"(file:///C:/Users/ARUL%20SELVAM/OneDrive/Documents/frontend/CucumberDemo/src/test/resources/features/EmployeeManagement.feature:28)
]]></error>
    <system-out><![CDATA[
&amp#27;[1mScenario:&amp#27;[22m Employee Lifecycle (Roster CRUD)                                       &amp#27;[90m# src/test/resources/features/EmployeeManagement.feature:16&amp#27;[39m
  &amp#27;[32m✔&amp#27;[39m &amp#27;[32m&amp#27;[1mGiven &amp#27;[22mUser is on the login page&amp#27;[39m                                              &amp#27;[90m# com.cucumber.testdefinitions.EmployeeManagementSteps.user_is_on_the_login_page()&amp#27;[39m
  &amp#27;[32m✔&amp#27;[39m &amp#27;[32m&amp#27;[1mWhen &amp#27;[22mUser logs in as Admin&amp#27;[39m                                                   &amp#27;[90m# com.cucumber.testdefinitions.EmployeeManagementSteps.user_logs_in_as_admin()&amp#27;[39m
  &amp#27;[32m✔&amp#27;[39m &amp#27;[32m&amp#27;[1mAnd &amp#27;[22mUser navigates to Employees Roster page&amp#27;[39m                                  &amp#27;[90m# com.cucumber.testdefinitions.EmployeeManagementSteps.user_navigates_to_employees_roster_page()&amp#27;[39m
  &amp#27;[32m✔&amp#27;[39m &amp#27;[32m&amp#27;[1mAnd &amp#27;[22mUser searches for employee &amp#27;[1m"Neil Rice"&amp#27;[22m&amp#27;[39m                                   &amp#27;[90m# com.cucumber.testdefinitions.EmployeeManagementSteps.user_searches_for_employee(java.lang.String)&amp#27;[39m
  &amp#27;[32m✔&amp#27;[39m &amp#27;[32m&amp#27;[1mThen &amp#27;[22mEmployee row for &amp#27;[1m"Neil Rice"&amp#27;[22m should be visible&amp#27;[39m                          &amp#27;[90m# com.cucumber.testdefinitions.EmployeeManagementSteps.employee_row_should_be_visible(java.lang.String)&amp#27;[39m
  &amp#27;[32m✔&amp#27;[39m &amp#27;[32m&amp#27;[1mWhen &amp#27;[22mUser clears the search filter&amp#27;[39m                                           &amp#27;[90m# com.cucumber.testdefinitions.EmployeeManagementSteps.user_clears_the_search_filter()&amp#27;[39m
  &amp#27;[32m✔&amp#27;[39m &amp#27;[32m&amp#27;[1mAnd &amp#27;[22mUser clicks the Add Employee button&amp#27;[39m                                      &amp#27;[90m# com.cucumber.testdefinitions.EmployeeManagementSteps.user_clicks_the_add_employee_button()&amp#27;[39m
  &amp#27;[32m✔&amp#27;[39m &amp#27;[32m&amp#27;[1mAnd &amp#27;[22mUser submits the employee form with unique details&amp#27;[39m                       &amp#27;[90m# com.cucumber.testdefinitions.EmployeeManagementSteps.user_submits_the_employee_form_with_unique_details()&amp#27;[39m
  &amp#27;[32m✔&amp#27;[39m &amp#27;[32m&amp#27;[1mThen &amp#27;[22mThe new employee should be found in search results&amp#27;[39m                      &amp#27;[90m# com.cucumber.testdefinitions.EmployeeManagementSteps.the_new_employee_should_be_found_in_search_results()&amp#27;[39m
  &amp#27;[32m✔&amp#27;[39m &amp#27;[32m&amp#27;[1mWhen &amp#27;[22mUser views details of the new employee&amp#27;[39m                                  &amp#27;[90m# com.cucumber.testdefinitions.EmployeeManagementSteps.user_views_details_of_the_new_employee()&amp#27;[39m
  &amp#27;[32m✔&amp#27;[39m &amp#27;[32m&amp#27;[1mThen &amp#27;[22mEmployee details should match the submitted details&amp#27;[39m                     &amp#27;[90m# com.cucumber.testdefinitions.EmployeeManagementSteps.employee_details_should_match_the_submitted_details()&amp#27;[39m
  &amp#27;[31m✘&amp#27;[39m &amp#27;[31m&amp#27;[1mWhen &amp#27;[22mUser edits employee details to status &amp#27;[1m"On Leave"&amp#27;[22m and salary &amp#27;[1m"130000"&amp#27;[22m&amp#27;[39m    &amp#27;[90m# com.cucumber.testdefinitions.EmployeeManagementSteps.user_edits_employee_details(java.lang.String,java.lang.String)&amp#27;[39m
        &amp#27;[31morg.openqa.selenium.NoSuchSessionException: invalid session id: session deleted as the browser has closed the connection&amp#27;[39m
        &amp#27;[31mfrom disconnected: not connected to DevTools&amp#27;[39m
        &amp#27;[31m  (Session info: chrome=150.0.7871.125)&amp#27;[39m
        &amp#27;[31mBuild info: version: '4.45.0', revision: 'cd6a3cd cd6a3cdfca6970f62e5bc8344109d0fe0e2af05e'&amp#27;[39m
        &amp#27;[31mSystem info: os.name: 'Windows 11', os.arch: 'amd64', os.version: '10.0', java.version: '25.0.3'&amp#27;[39m
        &amp#27;[31mDriver info: org.openqa.selenium.chrome.ChromeDriver&amp#27;[39m
        &amp#27;[31mCommand: [ffa61595d5b20ce9e25d5c64b6188706, findElement {value=status, using=id}]&amp#27;[39m
        &amp#27;[31mCapabilities {acceptInsecureCerts: false, browserName: chrome, browserVersion: 150.0.7871.125, chrome: {chromedriverVersion: 150.0.7871.124 (9261fd0a595..., userDataDir: C:\Users\ARULSE~1\AppData\L...}, fedcm:accounts: true, goog:chromeOptions: {debuggerAddress: localhost:58389}, goog:processID: 29360, networkConnectionEnabled: false, pageLoadStrategy: normal, platformName: windows, proxy: Proxy(), se:cdp: ws://localhost:58389/devtoo..., se:cdpVersion: 150.0.7871.125, setWindowRect: true, strictFileInteractability: false, timeouts: {implicit: 0, pageLoad: 300000, script: 30000}, unhandledPromptBehavior: dismiss and notify, webauthn:extension:credBlob: true, webauthn:extension:largeBlob: true, webauthn:extension:minPinLength: true, webauthn:extension:prf: true, webauthn:virtualAuthenticators: true}&amp#27;[39m
        &amp#27;[31mSession ID: ffa61595d5b20ce9e25d5c64b6188706&amp#27;[39m
        &amp#27;[31m	at org.openqa.selenium.remote.ErrorCodec.decode(ErrorCodec.java:169)&amp#27;[39m
        &amp#27;[31m	at org.openqa.selenium.remote.codec.w3c.W3CHttpResponseCodec.decode(W3CHttpResponseCodec.java:143)&amp#27;[39m
        &amp#27;[31m	at org.openqa.selenium.remote.codec.w3c.W3CHttpResponseCodec.decode(W3CHttpResponseCodec.java:50)&amp#27;[39m
        &amp#27;[31m	at org.openqa.selenium.remote.HttpCommandExecutor.execute(HttpCommandExecutor.java:196)&amp#27;[39m
        &amp#27;[31m	at org.openqa.selenium.remote.service.DriverCommandExecutor.invokeExecute(DriverCommandExecutor.java:217)&amp#27;[39m
        &amp#27;[31m	at org.openqa.selenium.remote.service.DriverCommandExecutor.execute(DriverCommandExecutor.java:175)&amp#27;[39m
        &amp#27;[31m	at org.openqa.selenium.remote.RemoteWebDriver.execute(RemoteWebDriver.java:575)&amp#27;[39m
        &amp#27;[31m	at org.openqa.selenium.remote.ElementLocation$ElementFinder$2.findElement(ElementLocation.java:173)&amp#27;[39m
        &amp#27;[31m	at org.openqa.selenium.remote.ElementLocation.findElement(ElementLocation.java:60)&amp#27;[39m
        &amp#27;[31m	at org.openqa.selenium.remote.RemoteWebDriver.findElement(RemoteWebDriver.java:396)&amp#27;[39m
        &amp#27;[31m	at org.openqa.selenium.remote.RemoteWebDriver.findElement(RemoteWebDriver.java:390)&amp#27;[39m
        &amp#27;[31m	at com.employee.automation.pages.EmployeeFormPage.selectStatus(EmployeeFormPage.java:106)&amp#27;[39m
        &amp#27;[31m	at com.cucumber.testdefinitions.EmployeeManagementSteps.user_edits_employee_details(EmployeeManagementSteps.java:172)&amp#27;[39m
        &amp#27;[31m	at ✽.User edits employee details to status "On Leave" and salary "130000"(file:///C:/Users/ARUL%20SELVAM/OneDrive/Documents/frontend/CucumberDemo/src/test/resources/features/EmployeeManagement.feature:28)&amp#27;[39m
  &amp#27;[36m↷&amp#27;[39m &amp#27;[36m&amp#27;[1mThen &amp#27;[22mEmployee status and salary should be updated to &amp#27;[1m"On Leave"&amp#27;[22m and &amp#27;[1m"130000"&amp#27;[22m&amp#27;[39m &amp#27;[90m# com.cucumber.testdefinitions.EmployeeManagementSteps.employee_status_and_salary_should_be_updated(java.lang.String,java.lang.String)&amp#27;[39m
  &amp#27;[36m↷&amp#27;[39m &amp#27;[36m&amp#27;[1mWhen &amp#27;[22mUser deletes the new employee profile&amp#27;[39m                                   &amp#27;[90m# com.cucumber.testdefinitions.EmployeeManagementSteps.user_deletes_the_new_employee_profile()&amp#27;[39m
  &amp#27;[36m↷&amp#27;[39m &amp#27;[36m&amp#27;[1mThen &amp#27;[22mThe deleted employee should not be found in the roster&amp#27;[39m                  &amp#27;[90m# com.cucumber.testdefinitions.EmployeeManagementSteps.the_deleted_employee_should_not_be_found_in_the_roster()&amp#27;[39m
  &amp#27;[36m↷&amp#27;[39m &amp#27;[36m&amp#27;[1mAnd &amp#27;[22mUser signs out&amp#27;[39m                                                           &amp#27;[90m# com.cucumber.testdefinitions.EmployeeManagementSteps.user_signs_out()&amp#27;[39m
]]></system-out>
    <system-err><![CDATA[Jul 17, 2026 10:26:15 PM org.openqa.selenium.devtools.CdpVersionFinder findNearestMatch
WARNING: Unable to find an exact match for CDP version 150, returning the closest version; found: 149; Please update to a Selenium version that supports CDP version 150
]]></system-err>
  </testcase>
  <testcase name="Project Lifecycle" classname="Employee Management System Verification" time="3.714">
    <error message="invalid session id: session deleted as the browser has closed the connection&#10;from disconnected: not connected to DevTools&#10;  (Session info: chrome=150.0.7871.125)&#10;Build info: version: &apos;4.45.0&apos;, revision: &apos;cd6a3cd cd6a3cdfca6970f62e5bc8344109d0fe0e2af05e&apos;&#10;System info: os.name: &apos;Windows 11&apos;, os.arch: &apos;amd64&apos;, os.version: &apos;10.0&apos;, java.version: &apos;25.0.3&apos;&#10;Driver info: org.openqa.selenium.chrome.ChromeDriver&#10;Command: [3f9e462b1487f2afb4b1cf6101590095, findElement {value=//button[contains(text(),&apos;Administrator&apos;)], using=xpath}]&#10;Capabilities {acceptInsecureCerts: false, browserName: chrome, browserVersion: 150.0.7871.125, chrome: {chromedriverVersion: 150.0.7871.124 (9261fd0a595..., userDataDir: C:\Users\ARULSE~1\AppData\L...}, fedcm:accounts: true, goog:chromeOptions: {debuggerAddress: localhost:61246}, goog:processID: 28788, networkConnectionEnabled: false, pageLoadStrategy: normal, platformName: windows, proxy: Proxy(), se:cdp: ws://localhost:61246/devtoo..., se:cdpVersion: 150.0.7871.125, setWindowRect: true, strictFileInteractability: false, timeouts: {implicit: 0, pageLoad: 300000, script: 30000}, unhandledPromptBehavior: dismiss and notify, webauthn:extension:credBlob: true, webauthn:extension:largeBlob: true, webauthn:extension:minPinLength: true, webauthn:extension:prf: true, webauthn:virtualAuthenticators: true}&#10;Session ID: 3f9e462b1487f2afb4b1cf6101590095" type="org.openqa.selenium.NoSuchSessionException"><![CDATA[org.openqa.selenium.NoSuchSessionException: 
invalid session id: session deleted as the browser has closed the connection
from disconnected: not connected to DevTools
  (Session info: chrome=150.0.7871.125)
Build info: version: '4.45.0', revision: 'cd6a3cd cd6a3cdfca6970f62e5bc8344109d0fe0e2af05e'
System info: os.name: 'Windows 11', os.arch: 'amd64', os.version: '10.0', java.version: '25.0.3'
Driver info: org.openqa.selenium.chrome.ChromeDriver
Command: [3f9e462b1487f2afb4b1cf6101590095, findElement {value=//button[contains(text(),'Administrator')], using=xpath}]
Capabilities {acceptInsecureCerts: false, browserName: chrome, browserVersion: 150.0.7871.125, chrome: {chromedriverVersion: 150.0.7871.124 (9261fd0a595..., userDataDir: C:\Users\ARULSE~1\AppData\L...}, fedcm:accounts: true, goog:chromeOptions: {debuggerAddress: localhost:61246}, goog:processID: 28788, networkConnectionEnabled: false, pageLoadStrategy: normal, platformName: windows, proxy: Proxy(), se:cdp: ws://localhost:61246/devtoo..., se:cdpVersion: 150.0.7871.125, setWindowRect: true, strictFileInteractability: false, timeouts: {implicit: 0, pageLoad: 300000, script: 30000}, unhandledPromptBehavior: dismiss and notify, webauthn:extension:credBlob: true, webauthn:extension:largeBlob: true, webauthn:extension:minPinLength: true, webauthn:extension:prf: true, webauthn:virtualAuthenticators: true}
Session ID: 3f9e462b1487f2afb4b1cf6101590095
	at org.openqa.selenium.remote.ErrorCodec.decode(ErrorCodec.java:169)
	at org.openqa.selenium.remote.codec.w3c.W3CHttpResponseCodec.decode(W3CHttpResponseCodec.java:143)
	at org.openqa.selenium.remote.codec.w3c.W3CHttpResponseCodec.decode(W3CHttpResponseCodec.java:50)
	at org.openqa.selenium.remote.HttpCommandExecutor.execute(HttpCommandExecutor.java:196)
	at org.openqa.selenium.remote.service.DriverCommandExecutor.invokeExecute(DriverCommandExecutor.java:217)
	at org.openqa.selenium.remote.service.DriverCommandExecutor.execute(DriverCommandExecutor.java:175)
	at org.openqa.selenium.remote.RemoteWebDriver.execute(RemoteWebDriver.java:575)
	at org.openqa.selenium.remote.ElementLocation$ElementFinder$2.findElement(ElementLocation.java:173)
	at org.openqa.selenium.remote.ElementLocation.findElement(ElementLocation.java:60)
	at org.openqa.selenium.remote.RemoteWebDriver.findElement(RemoteWebDriver.java:396)
	at org.openqa.selenium.remote.RemoteWebDriver.findElement(RemoteWebDriver.java:390)
	at com.employee.automation.pages.LoginPage.loginAsAdmin(LoginPage.java:31)
	at com.cucumber.testdefinitions.EmployeeManagementSteps.user_logs_in_as_admin(EmployeeManagementSteps.java:50)
	at ✽.User logs in as Admin(file:///C:/Users/ARUL%20SELVAM/OneDrive/Documents/frontend/CucumberDemo/src/test/resources/features/EmployeeManagement.feature:36)
]]></error>
    <system-out><![CDATA[
&amp#27;[1mScenario:&amp#27;[22m Project Lifecycle                                                                                                                                                                                      &amp#27;[90m# src/test/resources/features/EmployeeManagement.feature:34&amp#27;[39m
  &amp#27;[32m✔&amp#27;[39m &amp#27;[32m&amp#27;[1mGiven &amp#27;[22mUser is on the login page&amp#27;[39m                                                                                                                                                                              &amp#27;[90m# com.cucumber.testdefinitions.EmployeeManagementSteps.user_is_on_the_login_page()&amp#27;[39m
  &amp#27;[31m✘&amp#27;[39m &amp#27;[31m&amp#27;[1mWhen &amp#27;[22mUser logs in as Admin&amp#27;[39m                                                                                                                                                                                   &amp#27;[90m# com.cucumber.testdefinitions.EmployeeManagementSteps.user_logs_in_as_admin()&amp#27;[39m
        &amp#27;[31morg.openqa.selenium.NoSuchSessionException: invalid session id: session deleted as the browser has closed the connection&amp#27;[39m
        &amp#27;[31mfrom disconnected: not connected to DevTools&amp#27;[39m
        &amp#27;[31m  (Session info: chrome=150.0.7871.125)&amp#27;[39m
        &amp#27;[31mBuild info: version: '4.45.0', revision: 'cd6a3cd cd6a3cdfca6970f62e5bc8344109d0fe0e2af05e'&amp#27;[39m
        &amp#27;[31mSystem info: os.name: 'Windows 11', os.arch: 'amd64', os.version: '10.0', java.version: '25.0.3'&amp#27;[39m
        &amp#27;[31mDriver info: org.openqa.selenium.chrome.ChromeDriver&amp#27;[39m
        &amp#27;[31mCommand: [3f9e462b1487f2afb4b1cf6101590095, findElement {value=//button[contains(text(),'Administrator')], using=xpath}]&amp#27;[39m
        &amp#27;[31mCapabilities {acceptInsecureCerts: false, browserName: chrome, browserVersion: 150.0.7871.125, chrome: {chromedriverVersion: 150.0.7871.124 (9261fd0a595..., userDataDir: C:\Users\ARULSE~1\AppData\L...}, fedcm:accounts: true, goog:chromeOptions: {debuggerAddress: localhost:61246}, goog:processID: 28788, networkConnectionEnabled: false, pageLoadStrategy: normal, platformName: windows, proxy: Proxy(), se:cdp: ws://localhost:61246/devtoo..., se:cdpVersion: 150.0.7871.125, setWindowRect: true, strictFileInteractability: false, timeouts: {implicit: 0, pageLoad: 300000, script: 30000}, unhandledPromptBehavior: dismiss and notify, webauthn:extension:credBlob: true, webauthn:extension:largeBlob: true, webauthn:extension:minPinLength: true, webauthn:extension:prf: true, webauthn:virtualAuthenticators: true}&amp#27;[39m
        &amp#27;[31mSession ID: 3f9e462b1487f2afb4b1cf6101590095&amp#27;[39m
        &amp#27;[31m	at org.openqa.selenium.remote.ErrorCodec.decode(ErrorCodec.java:169)&amp#27;[39m
        &amp#27;[31m	at org.openqa.selenium.remote.codec.w3c.W3CHttpResponseCodec.decode(W3CHttpResponseCodec.java:143)&amp#27;[39m
        &amp#27;[31m	at org.openqa.selenium.remote.codec.w3c.W3CHttpResponseCodec.decode(W3CHttpResponseCodec.java:50)&amp#27;[39m
        &amp#27;[31m	at org.openqa.selenium.remote.HttpCommandExecutor.execute(HttpCommandExecutor.java:196)&amp#27;[39m
        &amp#27;[31m	at org.openqa.selenium.remote.service.DriverCommandExecutor.invokeExecute(DriverCommandExecutor.java:217)&amp#27;[39m
        &amp#27;[31m	at org.openqa.selenium.remote.service.DriverCommandExecutor.execute(DriverCommandExecutor.java:175)&amp#27;[39m
        &amp#27;[31m	at org.openqa.selenium.remote.RemoteWebDriver.execute(RemoteWebDriver.java:575)&amp#27;[39m
        &amp#27;[31m	at org.openqa.selenium.remote.ElementLocation$ElementFinder$2.findElement(ElementLocation.java:173)&amp#27;[39m
        &amp#27;[31m	at org.openqa.selenium.remote.ElementLocation.findElement(ElementLocation.java:60)&amp#27;[39m
        &amp#27;[31m	at org.openqa.selenium.remote.RemoteWebDriver.findElement(RemoteWebDriver.java:396)&amp#27;[39m
        &amp#27;[31m	at org.openqa.selenium.remote.RemoteWebDriver.findElement(RemoteWebDriver.java:390)&amp#27;[39m
        &amp#27;[31m	at com.employee.automation.pages.LoginPage.loginAsAdmin(LoginPage.java:31)&amp#27;[39m
        &amp#27;[31m	at com.cucumber.testdefinitions.EmployeeManagementSteps.user_logs_in_as_admin(EmployeeManagementSteps.java:50)&amp#27;[39m
        &amp#27;[31m	at ✽.User logs in as Admin(file:///C:/Users/ARUL%20SELVAM/OneDrive/Documents/frontend/CucumberDemo/src/test/resources/features/EmployeeManagement.feature:36)&amp#27;[39m
  &amp#27;[36m↷&amp#27;[39m &amp#27;[36m&amp#27;[1mAnd &amp#27;[22mUser navigates to Projects page&amp#27;[39m                                                                                                                                                                          &amp#27;[90m# com.cucumber.testdefinitions.EmployeeManagementSteps.user_navigates_to_projects_page()&amp#27;[39m
  &amp#27;[36m↷&amp#27;[39m &amp#27;[36m&amp#27;[1mAnd &amp#27;[22mUser clicks the Create Project button&amp#27;[39m                                                                                                                                                                    &amp#27;[90m# com.cucumber.testdefinitions.EmployeeManagementSteps.user_clicks_the_create_project_button()&amp#27;[39m
  &amp#27;[36m↷&amp#27;[39m &amp#27;[36m&amp#27;[1mAnd &amp#27;[22mUser submits project details with name &amp#27;[1m"Test Automation Project"&amp#27;[22m, description &amp#27;[1m"Project to automate the testing suite."&amp#27;[22m, status &amp#27;[1m"Active Progress"&amp#27;[22m, and deadline &amp#27;[1m"2026-12-31"&amp#27;[22m assigning member &amp#27;[1m"Neil Rice"&amp#27;[22m&amp#27;[39m &amp#27;[90m# com.cucumber.testdefinitions.EmployeeManagementSteps.user_submits_project_details(java.lang.String,java.lang.String,java.lang.String,java.lang.String,java.lang.String)&amp#27;[39m
  &amp#27;[36m↷&amp#27;[39m &amp#27;[36m&amp#27;[1mThen &amp#27;[22mProject &amp#27;[1m"Test Automation Project"&amp#27;[22m card should be visible&amp#27;[39m                                                                                                                                                &amp#27;[90m# com.cucumber.testdefinitions.EmployeeManagementSteps.project_card_should_be_visible(java.lang.String)&amp#27;[39m
  &amp#27;[36m↷&amp#27;[39m &amp#27;[36m&amp#27;[1mWhen &amp#27;[22mUser edits details of project &amp#27;[1m"Test Automation Project"&amp#27;[22m to status &amp#27;[1m"Inactive / On Hold"&amp#27;[22m&amp#27;[39m                                                                                                                  &amp#27;[90m# com.cucumber.testdefinitions.EmployeeManagementSteps.user_edits_details_of_project(java.lang.String,java.lang.String)&amp#27;[39m
  &amp#27;[36m↷&amp#27;[39m &amp#27;[36m&amp#27;[1mAnd &amp#27;[22mUser deletes project &amp#27;[1m"Test Automation Project"&amp#27;[22m&amp#27;[39m                                                                                                                                                           &amp#27;[90m# com.cucumber.testdefinitions.EmployeeManagementSteps.user_deletes_project(java.lang.String)&amp#27;[39m
  &amp#27;[36m↷&amp#27;[39m &amp#27;[36m&amp#27;[1mThen &amp#27;[22mProject &amp#27;[1m"Test Automation Project"&amp#27;[22m card should not be visible&amp#27;[39m                                                                                                                                            &amp#27;[90m# com.cucumber.testdefinitions.EmployeeManagementSteps.project_card_should_not_be_visible(java.lang.String)&amp#27;[39m
  &amp#27;[36m↷&amp#27;[39m &amp#27;[36m&amp#27;[1mAnd &amp#27;[22mUser signs out&amp#27;[39m                                                                                                                                                                                           &amp#27;[90m# com.cucumber.testdefinitions.EmployeeManagementSteps.user_signs_out()&amp#27;[39m
]]></system-out>
    <system-err><![CDATA[Jul 17, 2026 10:26:48 PM org.openqa.selenium.devtools.CdpVersionFinder findNearestMatch
WARNING: Unable to find an exact match for CDP version 150, returning the closest version; found: 149; Please update to a Selenium version that supports CDP version 150
]]></system-err>
  </testcase>
  <testcase name="Manage Queries and Leaves" classname="Employee Management System Verification" time="28.146">
    <system-out><![CDATA[
&amp#27;[1mScenario:&amp#27;[22m Manage Queries and Leaves                                 &amp#27;[90m# src/test/resources/features/EmployeeManagement.feature:46&amp#27;[39m
  &amp#27;[32m✔&amp#27;[39m &amp#27;[32m&amp#27;[1mGiven &amp#27;[22mUser is on the login page&amp#27;[39m                                 &amp#27;[90m# com.cucumber.testdefinitions.EmployeeManagementSteps.user_is_on_the_login_page()&amp#27;[39m
  &amp#27;[32m✔&amp#27;[39m &amp#27;[32m&amp#27;[1mWhen &amp#27;[22mUser logs in as Admin&amp#27;[39m                                      &amp#27;[90m# com.cucumber.testdefinitions.EmployeeManagementSteps.user_logs_in_as_admin()&amp#27;[39m
  &amp#27;[32m✔&amp#27;[39m &amp#27;[32m&amp#27;[1mAnd &amp#27;[22mUser navigates to Helpdesk page&amp#27;[39m                             &amp#27;[90m# com.cucumber.testdefinitions.EmployeeManagementSteps.user_navigates_to_helpdesk_page()&amp#27;[39m
  &amp#27;[32m✔&amp#27;[39m &amp#27;[32m&amp#27;[1mAnd &amp#27;[22mUser resolves query &amp#27;[1m"Leave Approval Request"&amp#27;[22m&amp#27;[39m                &amp#27;[90m# com.cucumber.testdefinitions.EmployeeManagementSteps.user_resolves_query(java.lang.String)&amp#27;[39m
  &amp#27;[32m✔&amp#27;[39m &amp#27;[32m&amp#27;[1mAnd &amp#27;[22mUser navigates to Leave Applications tab&amp#27;[39m                    &amp#27;[90m# com.cucumber.testdefinitions.EmployeeManagementSteps.user_navigates_to_leave_applications_tab()&amp#27;[39m
  &amp#27;[32m✔&amp#27;[39m &amp#27;[32m&amp#27;[1mAnd &amp#27;[22mUser adjusts leave grant days for &amp#27;[1m"Sarah Jenkins"&amp#27;[22m to &amp#27;[1m2&amp#27;[22m&amp#27;[39m      &amp#27;[90m# com.cucumber.testdefinitions.EmployeeManagementSteps.user_adjusts_leave_grant_days(java.lang.String,java.lang.Integer)&amp#27;[39m
  &amp#27;[32m✔&amp#27;[39m &amp#27;[32m&amp#27;[1mAnd &amp#27;[22mUser approves leave request for &amp#27;[1m"Sarah Jenkins"&amp#27;[22m&amp#27;[39m             &amp#27;[90m# com.cucumber.testdefinitions.EmployeeManagementSteps.user_approves_leave_request(java.lang.String)&amp#27;[39m
  &amp#27;[32m✔&amp#27;[39m &amp#27;[32m&amp#27;[1mThen &amp#27;[22mLeave status for &amp#27;[1m"Sarah Jenkins"&amp#27;[22m should contain &amp#27;[1m"Approved"&amp#27;[22m&amp#27;[39m &amp#27;[90m# com.cucumber.testdefinitions.EmployeeManagementSteps.leave_status_should_contain(java.lang.String,java.lang.String)&amp#27;[39m
  &amp#27;[32m✔&amp#27;[39m &amp#27;[32m&amp#27;[1mWhen &amp#27;[22mUser rejects leave request for &amp#27;[1m"Michael Chen"&amp#27;[22m&amp#27;[39m              &amp#27;[90m# com.cucumber.testdefinitions.EmployeeManagementSteps.user_rejects_leave_request(java.lang.String)&amp#27;[39m
  &amp#27;[32m✔&amp#27;[39m &amp#27;[32m&amp#27;[1mThen &amp#27;[22mLeave status for &amp#27;[1m"Michael Chen"&amp#27;[22m should contain &amp#27;[1m"Rejected"&amp#27;[22m&amp#27;[39m  &amp#27;[90m# com.cucumber.testdefinitions.EmployeeManagementSteps.leave_status_should_contain(java.lang.String,java.lang.String)&amp#27;[39m
  &amp#27;[32m✔&amp#27;[39m &amp#27;[32m&amp#27;[1mAnd &amp#27;[22mUser signs out&amp#27;[39m                                              &amp#27;[90m# com.cucumber.testdefinitions.EmployeeManagementSteps.user_signs_out()&amp#27;[39m
]]></system-out>
    <system-err><![CDATA[Jul 17, 2026 10:26:52 PM org.openqa.selenium.devtools.CdpVersionFinder findNearestMatch
WARNING: Unable to find an exact match for CDP version 150, returning the closest version; found: 149; Please update to a Selenium version that supports CDP version 150
]]></system-err>
  </testcase>
  <testcase name="Employee Portal Actions" classname="Employee Management System Verification" time="31.374">
    <error message="invalid session id: session deleted as the browser has closed the connection&#10;from disconnected: not connected to DevTools&#10;  (Session info: chrome=150.0.7871.125)&#10;Build info: version: &apos;4.45.0&apos;, revision: &apos;cd6a3cd cd6a3cdfca6970f62e5bc8344109d0fe0e2af05e&apos;&#10;System info: os.name: &apos;Windows 11&apos;, os.arch: &apos;amd64&apos;, os.version: &apos;10.0&apos;, java.version: &apos;25.0.3&apos;&#10;Driver info: org.openqa.selenium.chrome.ChromeDriver&#10;Command: [32aa206b3830f66e2407179433781d4e, findElement {value=//form[contains(@class,&apos;portal-chat-input-bar&apos;)]/input, using=xpath}]&#10;Capabilities {acceptInsecureCerts: false, browserName: chrome, browserVersion: 150.0.7871.125, chrome: {chromedriverVersion: 150.0.7871.124 (9261fd0a595..., userDataDir: C:\Users\ARULSE~1\AppData\L...}, fedcm:accounts: true, goog:chromeOptions: {debuggerAddress: localhost:55943}, goog:processID: 20372, networkConnectionEnabled: false, pageLoadStrategy: normal, platformName: windows, proxy: Proxy(), se:cdp: ws://localhost:55943/devtoo..., se:cdpVersion: 150.0.7871.125, setWindowRect: true, strictFileInteractability: false, timeouts: {implicit: 0, pageLoad: 300000, script: 30000}, unhandledPromptBehavior: dismiss and notify, webauthn:extension:credBlob: true, webauthn:extension:largeBlob: true, webauthn:extension:minPinLength: true, webauthn:extension:prf: true, webauthn:virtualAuthenticators: true}&#10;Session ID: 32aa206b3830f66e2407179433781d4e" type="org.openqa.selenium.NoSuchSessionException"><![CDATA[org.openqa.selenium.NoSuchSessionException: 
invalid session id: session deleted as the browser has closed the connection
from disconnected: not connected to DevTools
  (Session info: chrome=150.0.7871.125)
Build info: version: '4.45.0', revision: 'cd6a3cd cd6a3cdfca6970f62e5bc8344109d0fe0e2af05e'
System info: os.name: 'Windows 11', os.arch: 'amd64', os.version: '10.0', java.version: '25.0.3'
Driver info: org.openqa.selenium.chrome.ChromeDriver
Command: [32aa206b3830f66e2407179433781d4e, findElement {value=//form[contains(@class,'portal-chat-input-bar')]/input, using=xpath}]
Capabilities {acceptInsecureCerts: false, browserName: chrome, browserVersion: 150.0.7871.125, chrome: {chromedriverVersion: 150.0.7871.124 (9261fd0a595..., userDataDir: C:\Users\ARULSE~1\AppData\L...}, fedcm:accounts: true, goog:chromeOptions: {debuggerAddress: localhost:55943}, goog:processID: 20372, networkConnectionEnabled: false, pageLoadStrategy: normal, platformName: windows, proxy: Proxy(), se:cdp: ws://localhost:55943/devtoo..., se:cdpVersion: 150.0.7871.125, setWindowRect: true, strictFileInteractability: false, timeouts: {implicit: 0, pageLoad: 300000, script: 30000}, unhandledPromptBehavior: dismiss and notify, webauthn:extension:credBlob: true, webauthn:extension:largeBlob: true, webauthn:extension:minPinLength: true, webauthn:extension:prf: true, webauthn:virtualAuthenticators: true}
Session ID: 32aa206b3830f66e2407179433781d4e
	at org.openqa.selenium.remote.ErrorCodec.decode(ErrorCodec.java:169)
	at org.openqa.selenium.remote.codec.w3c.W3CHttpResponseCodec.decode(W3CHttpResponseCodec.java:143)
	at org.openqa.selenium.remote.codec.w3c.W3CHttpResponseCodec.decode(W3CHttpResponseCodec.java:50)
	at org.openqa.selenium.remote.HttpCommandExecutor.execute(HttpCommandExecutor.java:196)
	at org.openqa.selenium.remote.service.DriverCommandExecutor.invokeExecute(DriverCommandExecutor.java:217)
	at org.openqa.selenium.remote.service.DriverCommandExecutor.execute(DriverCommandExecutor.java:175)
	at org.openqa.selenium.remote.RemoteWebDriver.execute(RemoteWebDriver.java:575)
	at org.openqa.selenium.remote.ElementLocation$ElementFinder$2.findElement(ElementLocation.java:173)
	at org.openqa.selenium.remote.ElementLocation.findElement(ElementLocation.java:60)
	at org.openqa.selenium.remote.RemoteWebDriver.findElement(RemoteWebDriver.java:396)
	at org.openqa.selenium.remote.RemoteWebDriver.findElement(RemoteWebDriver.java:390)
	at org.openqa.selenium.support.ui.ExpectedConditions$7.apply(ExpectedConditions.java:222)
	at org.openqa.selenium.support.ui.ExpectedConditions$7.apply(ExpectedConditions.java:215)
	at org.openqa.selenium.support.ui.FluentWait.until(FluentWait.java:210)
	at com.employee.automation.pages.EmployeePortalPage.waitForElement(EmployeePortalPage.java:20)
	at com.employee.automation.pages.EmployeePortalPage.sendChatMessage(EmployeePortalPage.java:184)
	at com.cucumber.testdefinitions.EmployeeManagementSteps.user_sends_chat_message(EmployeeManagementSteps.java:346)
	at ✽.User sends chat message "Testing team chat functionality: Hello team!"(file:///C:/Users/ARUL%20SELVAM/OneDrive/Documents/frontend/CucumberDemo/src/test/resources/features/EmployeeManagement.feature:67)
]]></error>
    <system-out><![CDATA[
&amp#27;[1mScenario:&amp#27;[22m Employee Portal Actions                                                                                                                   &amp#27;[90m# src/test/resources/features/EmployeeManagement.feature:59&amp#27;[39m
  &amp#27;[32m✔&amp#27;[39m &amp#27;[32m&amp#27;[1mGiven &amp#27;[22mUser is on the login page&amp#27;[39m                                                                                                                 &amp#27;[90m# com.cucumber.testdefinitions.EmployeeManagementSteps.user_is_on_the_login_page()&amp#27;[39m
  &amp#27;[32m✔&amp#27;[39m &amp#27;[32m&amp#27;[1mWhen &amp#27;[22mUser logs in as Employee &amp#27;[1m"Arul Selvam"&amp#27;[22m&amp#27;[39m                                                                                                     &amp#27;[90m# com.cucumber.testdefinitions.EmployeeManagementSteps.user_logs_in_as_employee(java.lang.String)&amp#27;[39m
  &amp#27;[32m✔&amp#27;[39m &amp#27;[32m&amp#27;[1mAnd &amp#27;[22mUser confirms attendance if prompted&amp#27;[39m                                                                                                        &amp#27;[90m# com.cucumber.testdefinitions.EmployeeManagementSteps.user_confirms_attendance_if_prompted()&amp#27;[39m
  &amp#27;[32m✔&amp#27;[39m &amp#27;[32m&amp#27;[1mAnd &amp#27;[22mUser navigates to Users tab in portal&amp#27;[39m                                                                                                       &amp#27;[90m# com.cucumber.testdefinitions.EmployeeManagementSteps.user_navigates_to_users_tab_in_portal()&amp#27;[39m
  &amp#27;[32m✔&amp#27;[39m &amp#27;[32m&amp#27;[1mAnd &amp#27;[22mUser clicks edit profile and updates details with name &amp#27;[1m"Arul Selvam Updated"&amp#27;[22m, email &amp#27;[1m"arul.updated@example.com"&amp#27;[22m, and phone &amp#27;[1m"+91 99999 88888"&amp#27;[22m&amp#27;[39m &amp#27;[90m# com.cucumber.testdefinitions.EmployeeManagementSteps.user_clicks_edit_profile_and_updates_details(java.lang.String,java.lang.String,java.lang.String)&amp#27;[39m
  &amp#27;[32m✔&amp#27;[39m &amp#27;[32m&amp#27;[1mThen &amp#27;[22mProfile display name, email, and phone should be updated to match&amp#27;[39m                                                                          &amp#27;[90m# com.cucumber.testdefinitions.EmployeeManagementSteps.profile_display_name_email_and_phone_should_be_updated()&amp#27;[39m
  &amp#27;[32m✔&amp#27;[39m &amp#27;[32m&amp#27;[1mWhen &amp#27;[22mUser navigates to Projects tab in portal&amp#27;[39m                                                                                                   &amp#27;[90m# com.cucumber.testdefinitions.EmployeeManagementSteps.user_navigates_to_projects_tab_in_portal()&amp#27;[39m
  &amp#27;[31m✘&amp#27;[39m &amp#27;[31m&amp#27;[1mAnd &amp#27;[22mUser sends chat message &amp#27;[1m"Testing team chat functionality: Hello team!"&amp#27;[22m&amp#27;[39m                                                                      &amp#27;[90m# com.cucumber.testdefinitions.EmployeeManagementSteps.user_sends_chat_message(java.lang.String)&amp#27;[39m
        &amp#27;[31morg.openqa.selenium.NoSuchSessionException: invalid session id: session deleted as the browser has closed the connection&amp#27;[39m
        &amp#27;[31mfrom disconnected: not connected to DevTools&amp#27;[39m
        &amp#27;[31m  (Session info: chrome=150.0.7871.125)&amp#27;[39m
        &amp#27;[31mBuild info: version: '4.45.0', revision: 'cd6a3cd cd6a3cdfca6970f62e5bc8344109d0fe0e2af05e'&amp#27;[39m
        &amp#27;[31mSystem info: os.name: 'Windows 11', os.arch: 'amd64', os.version: '10.0', java.version: '25.0.3'&amp#27;[39m
        &amp#27;[31mDriver info: org.openqa.selenium.chrome.ChromeDriver&amp#27;[39m
        &amp#27;[31mCommand: [32aa206b3830f66e2407179433781d4e, findElement {value=//form[contains(@class,'portal-chat-input-bar')]/input, using=xpath}]&amp#27;[39m
        &amp#27;[31mCapabilities {acceptInsecureCerts: false, browserName: chrome, browserVersion: 150.0.7871.125, chrome: {chromedriverVersion: 150.0.7871.124 (9261fd0a595..., userDataDir: C:\Users\ARULSE~1\AppData\L...}, fedcm:accounts: true, goog:chromeOptions: {debuggerAddress: localhost:55943}, goog:processID: 20372, networkConnectionEnabled: false, pageLoadStrategy: normal, platformName: windows, proxy: Proxy(), se:cdp: ws://localhost:55943/devtoo..., se:cdpVersion: 150.0.7871.125, setWindowRect: true, strictFileInteractability: false, timeouts: {implicit: 0, pageLoad: 300000, script: 30000}, unhandledPromptBehavior: dismiss and notify, webauthn:extension:credBlob: true, webauthn:extension:largeBlob: true, webauthn:extension:minPinLength: true, webauthn:extension:prf: true, webauthn:virtualAuthenticators: true}&amp#27;[39m
        &amp#27;[31mSession ID: 32aa206b3830f66e2407179433781d4e&amp#27;[39m
        &amp#27;[31m	at org.openqa.selenium.remote.ErrorCodec.decode(ErrorCodec.java:169)&amp#27;[39m
        &amp#27;[31m	at org.openqa.selenium.remote.codec.w3c.W3CHttpResponseCodec.decode(W3CHttpResponseCodec.java:143)&amp#27;[39m
        &amp#27;[31m	at org.openqa.selenium.remote.codec.w3c.W3CHttpResponseCodec.decode(W3CHttpResponseCodec.java:50)&amp#27;[39m
        &amp#27;[31m	at org.openqa.selenium.remote.HttpCommandExecutor.execute(HttpCommandExecutor.java:196)&amp#27;[39m
        &amp#27;[31m	at org.openqa.selenium.remote.service.DriverCommandExecutor.invokeExecute(DriverCommandExecutor.java:217)&amp#27;[39m
        &amp#27;[31m	at org.openqa.selenium.remote.service.DriverCommandExecutor.execute(DriverCommandExecutor.java:175)&amp#27;[39m
        &amp#27;[31m	at org.openqa.selenium.remote.RemoteWebDriver.execute(RemoteWebDriver.java:575)&amp#27;[39m
        &amp#27;[31m	at org.openqa.selenium.remote.ElementLocation$ElementFinder$2.findElement(ElementLocation.java:173)&amp#27;[39m
        &amp#27;[31m	at org.openqa.selenium.remote.ElementLocation.findElement(ElementLocation.java:60)&amp#27;[39m
        &amp#27;[31m	at org.openqa.selenium.remote.RemoteWebDriver.findElement(RemoteWebDriver.java:396)&amp#27;[39m
        &amp#27;[31m	at org.openqa.selenium.remote.RemoteWebDriver.findElement(RemoteWebDriver.java:390)&amp#27;[39m
        &amp#27;[31m	at org.openqa.selenium.support.ui.ExpectedConditions$7.apply(ExpectedConditions.java:222)&amp#27;[39m
        &amp#27;[31m	at org.openqa.selenium.support.ui.ExpectedConditions$7.apply(ExpectedConditions.java:215)&amp#27;[39m
        &amp#27;[31m	at org.openqa.selenium.support.ui.FluentWait.until(FluentWait.java:210)&amp#27;[39m
        &amp#27;[31m	at com.employee.automation.pages.EmployeePortalPage.waitForElement(EmployeePortalPage.java:20)&amp#27;[39m
        &amp#27;[31m	at com.employee.automation.pages.EmployeePortalPage.sendChatMessage(EmployeePortalPage.java:184)&amp#27;[39m
        &amp#27;[31m	at com.cucumber.testdefinitions.EmployeeManagementSteps.user_sends_chat_message(EmployeeManagementSteps.java:346)&amp#27;[39m
        &amp#27;[31m	at ✽.User sends chat message "Testing team chat functionality: Hello team!"(file:///C:/Users/ARUL%20SELVAM/OneDrive/Documents/frontend/CucumberDemo/src/test/resources/features/EmployeeManagement.feature:67)&amp#27;[39m
  &amp#27;[36m↷&amp#27;[39m &amp#27;[36m&amp#27;[1mThen &amp#27;[22mThe last sent chat message should display &amp#27;[1m"Testing team chat functionality: Hello team!"&amp#27;[22m&amp#27;[39m                                                   &amp#27;[90m# com.cucumber.testdefinitions.EmployeeManagementSteps.the_last_sent_chat_message_should_display(java.lang.String)&amp#27;[39m
  &amp#27;[36m↷&amp#27;[39m &amp#27;[36m&amp#27;[1mWhen &amp#27;[22mUser updates progress for task &amp#27;[1m0&amp#27;[22m to &amp#27;[1m95&amp#27;[22m percent&amp#27;[39m                                                                                             &amp#27;[90m# com.cucumber.testdefinitions.EmployeeManagementSteps.user_updates_progress_for_task(java.lang.Integer,java.lang.Integer)&amp#27;[39m
  &amp#27;[36m↷&amp#27;[39m &amp#27;[36m&amp#27;[1mThen &amp#27;[22mTask &amp#27;[1m0&amp#27;[22m progress should contain &amp#27;[1m"95%"&amp#27;[22m&amp#27;[39m                                                                                                       &amp#27;[90m# com.cucumber.testdefinitions.EmployeeManagementSteps.task_progress_should_contain(java.lang.Integer,java.lang.String)&amp#27;[39m
  &amp#27;[36m↷&amp#27;[39m &amp#27;[36m&amp#27;[1mWhen &amp#27;[22mUser navigates to Application tab in portal&amp#27;[39m                                                                                                &amp#27;[90m# com.cucumber.testdefinitions.EmployeeManagementSteps.user_navigates_to_application_tab_in_portal()&amp#27;[39m
  &amp#27;[36m↷&amp#27;[39m &amp#27;[36m&amp#27;[1mAnd &amp#27;[22mUser clicks New Entry button&amp#27;[39m                                                                                                                &amp#27;[90m# com.cucumber.testdefinitions.EmployeeManagementSteps.user_clicks_new_entry_button()&amp#27;[39m
  &amp#27;[36m↷&amp#27;[39m &amp#27;[36m&amp#27;[1mAnd &amp#27;[22mUser selects Apply Leave modal tab&amp#27;[39m                                                                                                          &amp#27;[90m# com.cucumber.testdefinitions.EmployeeManagementSteps.user_selects_apply_leave_modal_tab()&amp#27;[39m
  &amp#27;[36m↷&amp#27;[39m &amp#27;[36m&amp#27;[1mAnd &amp#27;[22mUser submits leave application from &amp#27;[1m"2026-07-20"&amp#27;[22m to &amp#27;[1m"2026-07-22"&amp#27;[22m with reason &amp#27;[1m"Family vacation request."&amp#27;[22m&amp#27;[39m                                     &amp#27;[90m# com.cucumber.testdefinitions.EmployeeManagementSteps.user_submits_leave_application(java.lang.String,java.lang.String,java.lang.String)&amp#27;[39m
  &amp#27;[36m↷&amp#27;[39m &amp#27;[36m&amp#27;[1mWhen &amp#27;[22mUser clicks New Entry button again&amp#27;[39m                                                                                                         &amp#27;[90m# com.cucumber.testdefinitions.EmployeeManagementSteps.user_clicks_new_entry_button_again()&amp#27;[39m
  &amp#27;[36m↷&amp#27;[39m &amp#27;[36m&amp#27;[1mAnd &amp#27;[22mUser selects Submit Query modal tab&amp#27;[39m                                                                                                         &amp#27;[90m# com.cucumber.testdefinitions.EmployeeManagementSteps.user_selects_submit_query_modal_tab()&amp#27;[39m
  &amp#27;[36m↷&amp#27;[39m &amp#27;[36m&amp#27;[1mAnd &amp#27;[22mUser submits query with subject &amp#27;[1m"Need New Keyboard"&amp#27;[22m and message &amp#27;[1m"My mechanical keyboard is malfunctioned. Requesting a replacement."&amp#27;[22m&amp#27;[39m        &amp#27;[90m# com.cucumber.testdefinitions.EmployeeManagementSteps.user_submits_query(java.lang.String,java.lang.String)&amp#27;[39m
  &amp#27;[36m↷&amp#27;[39m &amp#27;[36m&amp#27;[1mThen &amp#27;[22mBrowser should close&amp#27;[39m                                                                                                                       &amp#27;[90m# com.cucumber.testdefinitions.EmployeeManagementSteps.browser_should_close()&amp#27;[39m
]]></system-out>
    <system-err><![CDATA[Jul 17, 2026 10:27:20 PM org.openqa.selenium.devtools.CdpVersionFinder findNearestMatch
WARNING: Unable to find an exact match for CDP version 150, returning the closest version; found: 149; Please update to a Selenium version that supports CDP version 150
]]></system-err>
  </testcase>
  <testcase name="Valid Login" classname="Login Functionality" time="7.922">
    <system-out><![CDATA[
&amp#27;[1mScenario:&amp#27;[22m Valid Login                               &amp#27;[90m# src/test/resources/features/Login.feature:3&amp#27;[39m
  &amp#27;[32m✔&amp#27;[39m &amp#27;[32m&amp#27;[1mGiven &amp#27;[22mUser opens the login page&amp#27;[39m                 &amp#27;[90m# com.cucumber.testdefinitions.LoginSteps.user_opens_the_login_page()&amp#27;[39m
  &amp#27;[32m✔&amp#27;[39m &amp#27;[32m&amp#27;[1mWhen &amp#27;[22muser enters the username &amp#27;[1m"priya@gmail.com"&amp#27;[22m&amp#27;[39m &amp#27;[90m# com.cucumber.testdefinitions.LoginSteps.user_enters_the_username(java.lang.String)&amp#27;[39m
  &amp#27;[32m✔&amp#27;[39m &amp#27;[32m&amp#27;[1mAnd &amp#27;[22muser enters the password &amp#27;[1m"priya"&amp#27;[22m&amp#27;[39m            &amp#27;[90m# com.cucumber.testdefinitions.LoginSteps.user_enters_the_password(java.lang.String)&amp#27;[39m
  &amp#27;[32m✔&amp#27;[39m &amp#27;[32m&amp#27;[1mThen &amp#27;[22mclick the Login Button&amp#27;[39m                     &amp#27;[90m# com.cucumber.testdefinitions.LoginSteps.click_the_login_button()&amp#27;[39m
]]></system-out>
    <system-err><![CDATA[Jul 17, 2026 10:27:54 PM org.openqa.selenium.devtools.CdpVersionFinder findNearestMatch
WARNING: Unable to find an exact match for CDP version 150, returning the closest version; found: 149; Please update to a Selenium version that supports CDP version 150
]]></system-err>
  </testcase>
</testsuite>