<?xml version="1.0" encoding="UTF-8"?>
<!-- Generated by org.testng.reporters.JUnitXMLReporter -->
<testsuite ignored="10" hostname="ARUL" failures="0" tests="7" name="Login Tests" time="228.876" errors="0" timestamp="2026-07-18T11:08:06 IST">
  <testcase classname="com.employee.automation.tests.LoginTest" name="adminLogin" time="1.124"/>
  <testcase classname="com.employee.automation.tests.LoginTest" name="employeeLogin" time="1.03"/>
  <testcase classname="com.employee.automation.tests.DashboardTest" name="testAdminDashboard" time="20.05"/>
  <testcase classname="com.employee.automation.tests.EmployeeRosterTest" name="testEmployeeLifecycle" time="100.751"/>
  <testcase classname="com.employee.automation.tests.ProjectsTest" name="testProjectLifecycle" time="34.779"/>
  <testcase classname="com.employee.automation.tests.QueriesTest" name="testManageQueriesAndLeaves" time="22.464"/>
  <testcase classname="com.employee.automation.tests.EmployeePortalTest" name="testEmployeePortalActions" time="48.622"/>
  <testcase classname="com.employee.automation.base.BaseTest" name="@AfterSuite tearDown" time="0.0">
    <ignored/>
  </testcase> <!-- @AfterSuite tearDown -->
  <testcase classname="com.employee.automation.base.BaseTest" name="@AfterSuite tearDown" time="0.0">
    <ignored/>
  </testcase> <!-- @AfterSuite tearDown -->
  <testcase classname="com.employee.automation.base.BaseTest" name="@BeforeSuite setUp" time="0.0">
    <ignored/>
  </testcase> <!-- @BeforeSuite setUp -->
  <testcase classname="com.employee.automation.base.BaseTest" name="@AfterSuite tearDown" time="0.0">
    <ignored/>
  </testcase> <!-- @AfterSuite tearDown -->
  <testcase classname="com.employee.automation.base.BaseTest" name="@BeforeSuite setUp" time="0.0">
    <ignored/>
  </testcase> <!-- @BeforeSuite setUp -->
  <testcase classname="com.employee.automation.base.BaseTest" name="@BeforeSuite setUp" time="0.0">
    <ignored/>
  </testcase> <!-- @BeforeSuite setUp -->
  <testcase classname="com.employee.automation.base.BaseTest" name="@AfterSuite tearDown" time="0.0">
    <ignored/>
  </testcase> <!-- @AfterSuite tearDown -->
  <testcase classname="com.employee.automation.base.BaseTest" name="@AfterSuite tearDown" time="0.0">
    <ignored/>
  </testcase> <!-- @AfterSuite tearDown -->
  <testcase classname="com.employee.automation.base.BaseTest" name="@BeforeSuite setUp" time="0.0">
    <ignored/>
  </testcase> <!-- @BeforeSuite setUp -->
  <testcase classname="com.employee.automation.base.BaseTest" name="@BeforeSuite setUp" time="0.0">
    <ignored/>
  </testcase> <!-- @BeforeSuite setUp -->
</testsuite> <!-- Login Tests -->
